2017-02-26 01:30:15 ==> parseUrlFriendly error at line "96" of file C:\xampp\htdocs\mmvc\core\Router.php
Stack trace: 
#0 C:\xampp\htdocs\mmvc\core\Router.php(50): app\core\Router->parseUrlFriendly()
#1 C:\xampp\htdocs\mmvc\index.php(18): app\core\Router->__construct(1)
#2 {main}
2017-02-26 01:41:06 ==> parseUrlFriendly error at line "96" of file C:\xampp\htdocs\mmvc\core\Router.php
Stack trace: 
#0 C:\xampp\htdocs\mmvc\core\Router.php(50): app\core\Router->parseUrlFriendly()
#1 C:\xampp\htdocs\mmvc\index.php(18): app\core\Router->__construct(1)
#2 {main}
2017-02-26 01:43:17 ==> parseUrlFriendly error at line "96" of file C:\xampp\htdocs\mmvc\core\Router.php
Stack trace: 
#0 C:\xampp\htdocs\mmvc\core\Router.php(50): app\core\Router->parseUrlFriendly()
#1 C:\xampp\htdocs\mmvc\index.php(18): app\core\Router->__construct(1)
#2 {main}
2017-02-26 01:45:00 ==> parseUrlFriendly error at line "96" of file C:\xampp\htdocs\mmvc\core\Router.php
Stack trace: 
#0 C:\xampp\htdocs\mmvc\core\Router.php(50): app\core\Router->parseUrlFriendly()
#1 C:\xampp\htdocs\mmvc\index.php(18): app\core\Router->__construct(1)
#2 {main}
2017-02-26 01:46:44 ==> parseUrlFriendly error at line "96" of file C:\xampp\htdocs\mmvc\core\Router.php
Stack trace: 
#0 C:\xampp\htdocs\mmvc\core\Router.php(50): app\core\Router->parseUrlFriendly()
#1 C:\xampp\htdocs\mmvc\index.php(18): app\core\Router->__construct(1)
#2 {main}
2017-02-26 01:57:09 ==> parseUrlFriendly error at line "96" of file C:\xampp\htdocs\mmvc\core\Router.php
Stack trace: 
#0 C:\xampp\htdocs\mmvc\core\Router.php(50): app\core\Router->parseUrlFriendly()
#1 C:\xampp\htdocs\mmvc\index.php(18): app\core\Router->__construct(1)
#2 {main}
2017-02-26 02:16:55 ==> parseUrlFriendly error at line "96" of file C:\xampp\htdocs\mmvc\core\Router.php
Stack trace: 
#0 C:\xampp\htdocs\mmvc\core\Router.php(50): app\core\Router->parseUrlFriendly()
#1 C:\xampp\htdocs\mmvc\index.php(18): app\core\Router->__construct(1)
#2 {main}
2017-02-26 02:44:58 ==> parseUrlFriendly error at line "96" of file C:\xampp\htdocs\mmvc\core\Router.php
Stack trace: 
#0 C:\xampp\htdocs\mmvc\core\Router.php(50): app\core\Router->parseUrlFriendly()
#1 C:\xampp\htdocs\mmvc\index.php(18): app\core\Router->__construct(1)
#2 {main}
2017-02-26 02:46:11 ==> parseUrlFriendly error at line "96" of file C:\xampp\htdocs\mmvc\core\Router.php
Stack trace: 
#0 C:\xampp\htdocs\mmvc\core\Router.php(50): app\core\Router->parseUrlFriendly()
#1 C:\xampp\htdocs\mmvc\index.php(18): app\core\Router->__construct(1)
#2 {main}
2017-02-26 02:48:12 ==> parseUrlFriendly error at line "96" of file C:\xampp\htdocs\mmvc\core\Router.php
Stack trace: 
#0 C:\xampp\htdocs\mmvc\core\Router.php(50): app\core\Router->parseUrlFriendly()
#1 C:\xampp\htdocs\mmvc\index.php(18): app\core\Router->__construct(1)
#2 {main}
2017-02-26 18:17:05 ==> parseUrlFriendly error at line "96" of file C:\xampp\htdocs\mmvc\core\Router.php
Stack trace: 
#0 C:\xampp\htdocs\mmvc\core\Router.php(50): app\core\Router->parseUrlFriendly()
#1 C:\xampp\htdocs\mmvc\index.php(18): app\core\Router->__construct(1)
#2 {main}
2017-02-26 18:17:26 ==> parseUrlFriendly error at line "96" of file C:\xampp\htdocs\mmvc\core\Router.php
Stack trace: 
#0 C:\xampp\htdocs\mmvc\core\Router.php(50): app\core\Router->parseUrlFriendly()
#1 C:\xampp\htdocs\mmvc\index.php(18): app\core\Router->__construct(1)
#2 {main}
2017-02-26 18:18:21 ==> parseUrlFriendly error at line "96" of file C:\xampp\htdocs\mmvc\core\Router.php
Stack trace: 
#0 C:\xampp\htdocs\mmvc\core\Router.php(50): app\core\Router->parseUrlFriendly()
#1 C:\xampp\htdocs\mmvc\index.php(18): app\core\Router->__construct(1)
#2 {main}
2017-02-26 18:19:00 ==> parseUrlFriendly error at line "96" of file C:\xampp\htdocs\mmvc\core\Router.php
Stack trace: 
#0 C:\xampp\htdocs\mmvc\core\Router.php(50): app\core\Router->parseUrlFriendly()
#1 C:\xampp\htdocs\mmvc\index.php(18): app\core\Router->__construct(1)
#2 {main}
2017-02-26 18:19:06 ==> parseUrlFriendly error at line "96" of file C:\xampp\htdocs\mmvc\core\Router.php
Stack trace: 
#0 C:\xampp\htdocs\mmvc\core\Router.php(50): app\core\Router->parseUrlFriendly()
#1 C:\xampp\htdocs\mmvc\index.php(18): app\core\Router->__construct(1)
#2 {main}
2017-02-26 18:19:18 ==> parseUrlFriendly error at line "96" of file C:\xampp\htdocs\mmvc\core\Router.php
Stack trace: 
#0 C:\xampp\htdocs\mmvc\core\Router.php(50): app\core\Router->parseUrlFriendly()
#1 C:\xampp\htdocs\mmvc\index.php(18): app\core\Router->__construct(1)
#2 {main}
